<?xml version="1.0" encoding="UTF-8"?>
<!-- Generated by org.testng.reporters.JUnitXMLReporter -->
<testsuite hostname="DESKTOP-MV3IETD" ignored="0" name="Surefire test" tests="6" failures="0" timestamp="17 Jun 2021 12:25:11 GMT" time="0.064" errors="0">
  <testcase name="IOSApp" time="0.011" classname="Qaclickacademy.MAVENJAVA.AppiumTest"/>
  <testcase name="NativeAPI" time="0.002" classname="Qaclickacademy.MAVENJAVA.AppiumTest"/>
  <testcase name="deleteTwitter" time="0.001" classname="Qaclickacademy.MAVENJAVA.RestAPITest"/>
  <testcase name="postJIRA" time="0.001" classname="Qaclickacademy.MAVENJAVA.RestAPITest"/>
  <testcase name="BrowserAutomate" time="0.002" classname="Qaclickacademy.MAVENJAVA.SeleniumTest"/>
  <testcase name="ElementsUI" time="0.001" classname="Qaclickacademy.MAVENJAVA.SeleniumTest"/>
</testsuite> <!-- Surefire test -->
