<?xml version="1.0" encoding="UTF-8"?>
<testng-results skipped="0" failed="0" ignored="0" total="6" passed="6">
  <reporter-output>
  </reporter-output>
  <suite name="Surefire suite" duration-ms="64" started-at="2021-06-17T12:25:11Z" finished-at="2021-06-17T12:25:11Z">
    <groups>
    </groups>
    <test name="Surefire test" duration-ms="64" started-at="2021-06-17T12:25:11Z" finished-at="2021-06-17T12:25:11Z">
      <class name="Qaclickacademy.MAVENJAVA.SeleniumTest">
        <test-method status="PASS" signature="BrowserAutomate()[pri:0, instance:Qaclickacademy.MAVENJAVA.SeleniumTest@100fc185]" name="BrowserAutomate" duration-ms="2" started-at="2021-06-17T12:25:11Z" finished-at="2021-06-17T12:25:11Z">
          <reporter-output>
          </reporter-output>
        </test-method> <!-- BrowserAutomate -->
        <test-method status="PASS" signature="ElementsUI()[pri:0, instance:Qaclickacademy.MAVENJAVA.SeleniumTest@100fc185]" name="ElementsUI" duration-ms="1" started-at="2021-06-17T12:25:11Z" finished-at="2021-06-17T12:25:11Z">
          <reporter-output>
          </reporter-output>
        </test-method> <!-- ElementsUI -->
      </class> <!-- Qaclickacademy.MAVENJAVA.SeleniumTest -->
      <class name="Qaclickacademy.MAVENJAVA.AppiumTest">
        <test-method status="PASS" signature="IOSApp()[pri:0, instance:Qaclickacademy.MAVENJAVA.AppiumTest@6cc4c815]" name="IOSApp" duration-ms="11" started-at="2021-06-17T12:25:11Z" finished-at="2021-06-17T12:25:11Z">
          <reporter-output>
          </reporter-output>
        </test-method> <!-- IOSApp -->
        <test-method status="PASS" signature="NativeAPI()[pri:0, instance:Qaclickacademy.MAVENJAVA.AppiumTest@6cc4c815]" name="NativeAPI" duration-ms="2" started-at="2021-06-17T12:25:11Z" finished-at="2021-06-17T12:25:11Z">
          <reporter-output>
          </reporter-output>
        </test-method> <!-- NativeAPI -->
      </class> <!-- Qaclickacademy.MAVENJAVA.AppiumTest -->
      <class name="Qaclickacademy.MAVENJAVA.RestAPITest">
        <test-method status="PASS" signature="deleteTwitter()[pri:0, instance:Qaclickacademy.MAVENJAVA.RestAPITest@3a82f6ef]" name="deleteTwitter" duration-ms="1" started-at="2021-06-17T12:25:11Z" finished-at="2021-06-17T12:25:11Z">
          <reporter-output>
          </reporter-output>
        </test-method> <!-- deleteTwitter -->
        <test-method status="PASS" signature="postJIRA()[pri:0, instance:Qaclickacademy.MAVENJAVA.RestAPITest@3a82f6ef]" name="postJIRA" duration-ms="1" started-at="2021-06-17T12:25:11Z" finished-at="2021-06-17T12:25:11Z">
          <reporter-output>
          </reporter-output>
        </test-method> <!-- postJIRA -->
      </class> <!-- Qaclickacademy.MAVENJAVA.RestAPITest -->
    </test> <!-- Surefire test -->
  </suite> <!-- Surefire suite -->
</testng-results>
