<?xml version="1.0" encoding="UTF-8"?>
<!-- Generated by org.testng.reporters.JUnitXMLReporter -->
<testsuite hostname="DESKTOP-MV3IETD" ignored="0" name="Test" tests="6" failures="0" timestamp="18 Jun 2021 10:22:06 GMT" time="0.085" errors="0">
  <testcase name="IOSApp" time="0.015" classname="Qaclickacademy.MAVENJAVA.AppiumTest"/>
  <testcase name="NativeAPI" time="0.001" classname="Qaclickacademy.MAVENJAVA.AppiumTest"/>
  <testcase name="deleteTwitter" time="0.001" classname="Qaclickacademy.MAVENJAVA.RestAPITest"/>
  <testcase name="postJIRA" time="0.001" classname="Qaclickacademy.MAVENJAVA.RestAPITest"/>
  <testcase name="BrowserAutomate" time="0.001" classname="Qaclickacademy.MAVENJAVA.SeleniumTest"/>
  <testcase name="ElementsUI" time="0.001" classname="Qaclickacademy.MAVENJAVA.SeleniumTest"/>
</testsuite> <!-- Test -->
