<?xml version="1.0" encoding="UTF-8"?>
<testng-results skipped="0" failed="0" ignored="0" total="6" passed="6">
  <reporter-output>
  </reporter-output>
  <suite name="Suite" duration-ms="85" started-at="2021-06-18T10:22:06Z" finished-at="2021-06-18T10:22:06Z">
    <groups>
    </groups>
    <test name="Test" duration-ms="85" started-at="2021-06-18T10:22:06Z" finished-at="2021-06-18T10:22:06Z">
      <class name="Qaclickacademy.MAVENJAVA.SeleniumTest">
        <test-method status="PASS" signature="BrowserAutomate()[pri:0, instance:Qaclickacademy.MAVENJAVA.SeleniumTest@44a664f2]" name="BrowserAutomate" duration-ms="1" started-at="2021-06-18T10:22:06Z" finished-at="2021-06-18T10:22:06Z">
          <reporter-output>
          </reporter-output>
        </test-method> <!-- BrowserAutomate -->
        <test-method status="PASS" signature="ElementsUI()[pri:0, instance:Qaclickacademy.MAVENJAVA.SeleniumTest@44a664f2]" name="ElementsUI" duration-ms="1" started-at="2021-06-18T10:22:06Z" finished-at="2021-06-18T10:22:06Z">
          <reporter-output>
          </reporter-output>
        </test-method> <!-- ElementsUI -->
      </class> <!-- Qaclickacademy.MAVENJAVA.SeleniumTest -->
      <class name="Qaclickacademy.MAVENJAVA.AppiumTest">
        <test-method status="PASS" signature="IOSApp()[pri:0, instance:Qaclickacademy.MAVENJAVA.AppiumTest@1a38c59b]" name="IOSApp" duration-ms="15" started-at="2021-06-18T10:22:06Z" finished-at="2021-06-18T10:22:06Z">
          <reporter-output>
          </reporter-output>
        </test-method> <!-- IOSApp -->
        <test-method status="PASS" signature="NativeAPI()[pri:0, instance:Qaclickacademy.MAVENJAVA.AppiumTest@1a38c59b]" name="NativeAPI" duration-ms="1" started-at="2021-06-18T10:22:06Z" finished-at="2021-06-18T10:22:06Z">
          <reporter-output>
          </reporter-output>
        </test-method> <!-- NativeAPI -->
      </class> <!-- Qaclickacademy.MAVENJAVA.AppiumTest -->
      <class name="Qaclickacademy.MAVENJAVA.RestAPITest">
        <test-method status="PASS" signature="deleteTwitter()[pri:0, instance:Qaclickacademy.MAVENJAVA.RestAPITest@7f77e91b]" name="deleteTwitter" duration-ms="1" started-at="2021-06-18T10:22:06Z" finished-at="2021-06-18T10:22:06Z">
          <reporter-output>
          </reporter-output>
        </test-method> <!-- deleteTwitter -->
        <test-method status="PASS" signature="postJIRA()[pri:0, instance:Qaclickacademy.MAVENJAVA.RestAPITest@7f77e91b]" name="postJIRA" duration-ms="1" started-at="2021-06-18T10:22:06Z" finished-at="2021-06-18T10:22:06Z">
          <reporter-output>
          </reporter-output>
        </test-method> <!-- postJIRA -->
      </class> <!-- Qaclickacademy.MAVENJAVA.RestAPITest -->
    </test> <!-- Test -->
  </suite> <!-- Suite -->
</testng-results>
